0 info it worked if it ends with ok
1 verbose cli [ '/usr/bin/node', '/usr/bin/npm', 'install', '-g', 'divshot-cli' ]
2 info using npm@2.10.1
3 info using node@v0.12.4
4 verbose node symlink /usr/bin/node
5 verbose install initial load of /usr/lib/package.json
6 verbose readDependencies loading dependencies from /usr/lib/package.json
7 silly cache add args [ 'divshot-cli', null ]
8 verbose cache add spec divshot-cli
9 silly cache add parsed spec { raw: 'divshot-cli',
9 silly cache add   scope: null,
9 silly cache add   name: 'divshot-cli',
9 silly cache add   rawSpec: '',
9 silly cache add   spec: '*',
9 silly cache add   type: 'range' }
10 silly addNamed divshot-cli@*
11 verbose addNamed "*" is a valid semver range for divshot-cli
12 silly addNameRange { name: 'divshot-cli', range: '*', hasData: false }
13 silly mapToRegistry name divshot-cli
14 silly mapToRegistry using default registry
15 silly mapToRegistry registry https://registry.npmjs.org/
16 silly mapToRegistry uri https://registry.npmjs.org/divshot-cli
17 verbose addNameRange registry:https://registry.npmjs.org/divshot-cli not in flight; fetching
18 verbose request uri https://registry.npmjs.org/divshot-cli
19 verbose request no auth needed
20 info attempt registry request try #1 at 15:43:36
21 verbose request id af880631763ef0ba
22 http request GET https://registry.npmjs.org/divshot-cli
23 http 200 https://registry.npmjs.org/divshot-cli
24 silly get cb [ 200,
24 silly get   { server: 'nginx/1.10.1',
24 silly get     'content-type': 'application/json',
24 silly get     'last-modified': 'Tue, 13 Oct 2015 16:11:20 GMT',
24 silly get     etag: 'W/"561d2d28-46dab"',
24 silly get     'content-encoding': 'gzip',
24 silly get     'cache-control': 'max-age=300',
24 silly get     'content-length': '18638',
24 silly get     'accept-ranges': 'bytes',
24 silly get     date: 'Thu, 23 Mar 2017 22:43:36 GMT',
24 silly get     via: '1.1 varnish',
24 silly get     age: '0',
24 silly get     connection: 'keep-alive',
24 silly get     'x-served-by': 'cache-sea1028-SEA',
24 silly get     'x-cache': 'MISS',
24 silly get     'x-cache-hits': '0',
24 silly get     'x-timer': 'S1490309016.289798,VS0,VE45',
24 silly get     vary: 'Accept-Encoding' } ]
25 verbose get saving divshot-cli to /home/charles/.npm/registry.npmjs.org/divshot-cli/.cache.json
26 silly addNameRange number 2 { name: 'divshot-cli', range: '*', hasData: true }
27 silly addNameRange versions [ 'divshot-cli',
27 silly addNameRange   [ '0.0.2',
27 silly addNameRange     '0.0.3',
27 silly addNameRange     '0.0.4',
27 silly addNameRange     '0.0.5',
27 silly addNameRange     '0.0.6',
27 silly addNameRange     '0.0.7',
27 silly addNameRange     '0.0.8',
27 silly addNameRange     '0.0.9',
27 silly addNameRange     '0.1.1',
27 silly addNameRange     '0.2.3',
27 silly addNameRange     '0.2.6',
27 silly addNameRange     '0.2.9',
27 silly addNameRange     '0.2.10',
27 silly addNameRange     '0.2.11',
27 silly addNameRange     '0.2.13',
27 silly addNameRange     '0.3.1',
27 silly addNameRange     '0.3.2',
27 silly addNameRange     '0.3.3',
27 silly addNameRange     '0.3.4',
27 silly addNameRange     '0.3.5',
27 silly addNameRange     '0.3.6',
27 silly addNameRange     '0.3.7',
27 silly addNameRange     '0.3.9',
27 silly addNameRange     '0.3.10',
27 silly addNameRange     '0.3.11',
27 silly addNameRange     '0.4.0',
27 silly addNameRange     '0.4.1',
27 silly addNameRange     '0.4.3',
27 silly addNameRange     '0.4.4',
27 silly addNameRange     '0.4.5',
27 silly addNameRange     '0.4.6',
27 silly addNameRange     '0.4.7',
27 silly addNameRange     '0.4.8',
27 silly addNameRange     '0.5.0',
27 silly addNameRange     '0.6.0',
27 silly addNameRange     '0.6.1',
27 silly addNameRange     '0.6.2',
27 silly addNameRange     '0.6.3',
27 silly addNameRange     '0.6.4',
27 silly addNameRange     '0.6.6',
27 silly addNameRange     '0.6.7',
27 silly addNameRange     '0.6.8',
27 silly addNameRange     '0.6.9',
27 silly addNameRange     '0.6.10',
27 silly addNameRange     '0.6.11',
27 silly addNameRange     '0.6.12',
27 silly addNameRange     '0.6.13',
27 silly addNameRange     '0.7.0',
27 silly addNameRange     '0.8.0',
27 silly addNameRange     '0.8.1',
27 silly addNameRange     '0.8.2',
27 silly addNameRange     '0.8.3',
27 silly addNameRange     '0.9.0',
27 silly addNameRange     '0.9.1',
27 silly addNameRange     '0.9.2',
27 silly addNameRange     '0.9.3',
27 silly addNameRange     '0.9.4',
27 silly addNameRange     '0.9.5',
27 silly addNameRange     '0.9.6',
27 silly addNameRange     '0.9.8',
27 silly addNameRange     '0.9.9',
27 silly addNameRange     '0.9.10',
27 silly addNameRange     '0.9.11',
27 silly addNameRange     '0.9.13',
27 silly addNameRange     '0.9.14',
27 silly addNameRange     '0.10.0',
27 silly addNameRange     '0.10.1',
27 silly addNameRange     '0.11.0',
27 silly addNameRange     '0.11.1',
27 silly addNameRange     '0.11.2',
27 silly addNameRange     '0.12.0',
27 silly addNameRange     '0.12.1',
27 silly addNameRange     '0.12.2',
27 silly addNameRange     '0.12.3',
27 silly addNameRange     '0.12.4',
27 silly addNameRange     '0.14.0-rc1',
27 silly addNameRange     '0.14.2-rc1',
27 silly addNameRange     '0.14.2-rc2',
27 silly addNameRange     '0.15.0',
27 silly addNameRange     '0.15.1',
27 silly addNameRange     '0.15.2',
27 silly addNameRange     '0.15.3',
27 silly addNameRange     '0.15.4',
27 silly addNameRange     '0.15.5',
27 silly addNameRange     '0.15.6',
27 silly addNameRange     '0.15.7',
27 silly addNameRange     '0.16.0',
27 silly addNameRange     '0.16.1',
27 silly addNameRange     '0.16.2',
27 silly addNameRange     '0.16.3',
27 silly addNameRange     '0.16.4',
27 silly addNameRange     '0.16.5',
27 silly addNameRange     '0.16.6',
27 silly addNameRange     '0.16.7',
27 silly addNameRange     '0.17.0',
27 silly addNameRange     '0.18.0',
27 silly addNameRange     '0.18.1',
27 silly addNameRange     '0.18.2',
27 silly addNameRange     '1.0.0-rc2',
27 silly addNameRange     '1.0.0-rc3',
27 silly addNameRange     '1.0.0',
27 silly addNameRange     '1.0.1',
27 silly addNameRange     '1.0.2',
27 silly addNameRange     '1.0.3',
27 silly addNameRange     '1.0.4',
27 silly addNameRange     '1.0.5',
27 silly addNameRange     '1.0.6',
27 silly addNameRange     '1.0.7',
27 silly addNameRange     '1.0.8',
27 silly addNameRange     '1.0.9',
27 silly addNameRange     '1.0.10',
27 silly addNameRange     '1.1.0',
27 silly addNameRange     '1.3.0',
27 silly addNameRange     '1.3.1',
27 silly addNameRange     '1.3.2',
27 silly addNameRange     '1.3.3',
27 silly addNameRange     '1.4.0',
27 silly addNameRange     '1.4.1',
27 silly addNameRange     '1.4.2-rc1',
27 silly addNameRange     '1.4.2',
27 silly addNameRange     '1.4.3',
27 silly addNameRange     '1.4.6',
27 silly addNameRange     '1.4.7',
27 silly addNameRange     '1.5.0',
27 silly addNameRange     '1.6.0',
27 silly addNameRange     '1.7.0',
27 silly addNameRange     '1.7.1',
27 silly addNameRange     '1.7.2',
27 silly addNameRange     '1.7.3',
27 silly addNameRange     '1.8.0',
27 silly addNameRange     '1.8.1',
27 silly addNameRange     '1.9.0',
27 silly addNameRange     '1.9.1',
27 silly addNameRange     '1.10.0',
27 silly addNameRange     '1.10.1',
27 silly addNameRange     '1.10.2',
27 silly addNameRange     '1.10.3',
27 silly addNameRange     '1.10.4',
27 silly addNameRange     '1.10.5',
27 silly addNameRange     '1.11.0' ] ]
28 silly addNamed divshot-cli@1.11.0
29 verbose addNamed "1.11.0" is a plain semver version for divshot-cli
30 silly mapToRegistry name divshot-cli
31 silly mapToRegistry using default registry
32 silly mapToRegistry registry https://registry.npmjs.org/
33 silly mapToRegistry uri https://registry.npmjs.org/divshot-cli
34 verbose addRemoteTarball https://registry.npmjs.org/divshot-cli/-/divshot-cli-1.11.0.tgz not in flight; adding
35 verbose addRemoteTarball [ 'https://registry.npmjs.org/divshot-cli/-/divshot-cli-1.11.0.tgz',
35 verbose addRemoteTarball   'dc6ebda5bddcf94a7aae57c26a8da2f4b9d63f92' ]
36 info retry fetch attempt 1 at 15:43:36
37 info attempt registry request try #1 at 15:43:36
38 http fetch GET https://registry.npmjs.org/divshot-cli/-/divshot-cli-1.11.0.tgz
39 http fetch 200 https://registry.npmjs.org/divshot-cli/-/divshot-cli-1.11.0.tgz
40 silly fetchAndShaCheck shasum dc6ebda5bddcf94a7aae57c26a8da2f4b9d63f92
41 verbose addTmpTarball /tmp/npm-28255-ada4ea36/registry.npmjs.org/divshot-cli/-/divshot-cli-1.11.0.tgz not in flight; adding
42 verbose addTmpTarball already have metadata; skipping unpack for divshot-cli@1.11.0
43 silly cache afterAdd divshot-cli@1.11.0
44 verbose afterAdd /home/charles/.npm/divshot-cli/1.11.0/package/package.json not in flight; writing
45 verbose afterAdd /home/charles/.npm/divshot-cli/1.11.0/package/package.json written
46 silly install resolved [ { name: 'divshot-cli',
46 silly install resolved     description: 'CLI for Divshot',
46 silly install resolved     version: '1.11.0',
46 silly install resolved     dependencies:
46 silly install resolved      { async: '^0.9.0',
46 silly install resolved        booly: '^1.0.2',
46 silly install resolved        bytes: '^2.0.0',
46 silly install resolved        chalk: '^1.0.0',
46 silly install resolved        clone: '^1.0.0',
46 silly install resolved        'copy-files': '^0.1.0',
46 silly install resolved        'cozy-slug': '0.2.2',
46 silly install resolved        'divshot-api': '1.3.x',
46 silly install resolved        'divshot-dumper': '1.1.0',
46 silly install resolved        'divshot-push': '1.4.2',
46 silly install resolved        'exit-hook': '^1.1.1',
46 silly install resolved        feedback: '^0.3.2',
46 silly install resolved        'fs-extra': '^0.18.0',
46 silly install resolved        'home-dir': '^1.0.0',
46 silly install resolved        inquirer: '^0.8.0',
46 silly install resolved        'join-path': '^1.0.0',
46 silly install resolved        jsonlint: '^1.6.2',
46 silly install resolved        lodash: '^2.4.1',
46 silly install resolved        marked: '^0.3.2',
46 silly install resolved        'marked-terminal': '^1.1.1',
46 silly install resolved        'mime-types': '^2.0.2',
46 silly install resolved        mixpanel: '^0.3.1',
46 silly install resolved        mkdirp: '0.5.x',
46 silly install resolved        moment: '^2.8.3',
46 silly install resolved        nash: '0.3.x',
46 silly install resolved        open: '0.0.5',
46 silly install resolved        pluralize: '^1.0.3',
46 silly install resolved        'pretty-print': '^1.0.0',
46 silly install resolved        progress: '^1.1.8',
46 silly install resolved        promptly: '^0.2.0',
46 silly install resolved        read: '^1.0.5',
46 silly install resolved        regular: '^0.1.6',
46 silly install resolved        request: '^2.44.0',
46 silly install resolved        sizer: '^0.1.1',
46 silly install resolved        slash: '^1.0.0',
46 silly install resolved        superstatic: '1.2.1',
46 silly install resolved        touch: '0.0.3',
46 silly install resolved        'update-notifier': '^0.2.2',
46 silly install resolved        writestreamp: '^0.1.0' },
46 silly install resolved     devDependencies: { jshint: '~2.6.0' },
46 silly install resolved     scripts: { test: 'mocha --recursive --reporter spec ./test' },
46 silly install resolved     author: { name: 'Divshot' },
46 silly install resolved     homepage: 'http://divshot.com',
46 silly install resolved     repository:
46 silly install resolved      { type: 'git',
46 silly install resolved        url: 'git+https://github.com/divshot/divshot-cli.git' },
46 silly install resolved     bugs: { url: 'https://github.com/divshot/divshot-cli/issues' },
46 silly install resolved     keywords: [ 'divshot', 'hosting', 'static' ],
46 silly install resolved     preferGlobal: 'true',
46 silly install resolved     bin: { divshot: 'bin/divshot.js' },
46 silly install resolved     main: 'bin/divshot.js',
46 silly install resolved     gitHead: '7a5598e85ad43ed91a49e64c07422c2fa28fcdca',
46 silly install resolved     _id: 'divshot-cli@1.11.0',
46 silly install resolved     _shasum: 'dc6ebda5bddcf94a7aae57c26a8da2f4b9d63f92',
46 silly install resolved     _from: 'divshot-cli@*',
46 silly install resolved     _npmVersion: '2.11.3',
46 silly install resolved     _nodeVersion: '0.12.7',
46 silly install resolved     _npmUser: { name: 'mbleigh', email: 'michael@intridea.com' },
46 silly install resolved     dist:
46 silly install resolved      { shasum: 'dc6ebda5bddcf94a7aae57c26a8da2f4b9d63f92',
46 silly install resolved        tarball: 'https://registry.npmjs.org/divshot-cli/-/divshot-cli-1.11.0.tgz' },
46 silly install resolved     maintainers: [ [Object], [Object] ],
46 silly install resolved     directories: {},
46 silly install resolved     _resolved: 'https://registry.npmjs.org/divshot-cli/-/divshot-cli-1.11.0.tgz' } ]
47 info install divshot-cli@1.11.0 into /usr/lib
48 info installOne divshot-cli@1.11.0
49 verbose installOne of divshot-cli to /usr/lib not in flight; installing
50 verbose lock using /home/charles/.npm/_locks/divshot-cli-d8914030ff4dd56d.lock for /usr/lib/node_modules/divshot-cli
51 silly install write writing divshot-cli 1.11.0 to /usr/lib/node_modules/divshot-cli
52 verbose unbuild lib/node_modules/divshot-cli
53 silly gentlyRm /usr/lib/node_modules/divshot-cli is being purged from base /usr
54 verbose gentlyRm don't care about contents; nuking /usr/lib/node_modules/divshot-cli
55 verbose tar unpack /home/charles/.npm/divshot-cli/1.11.0/package.tgz
56 verbose tar unpacking to /usr/lib/node_modules/divshot-cli
57 silly gentlyRm /usr/lib/node_modules/divshot-cli is being purged
58 verbose gentlyRm don't care about contents; nuking /usr/lib/node_modules/divshot-cli
59 silly gunzTarPerm modes [ '775', '664' ]
60 error tar.unpack untar error /home/charles/.npm/divshot-cli/1.11.0/package.tgz
61 verbose unlock done using /home/charles/.npm/_locks/divshot-cli-d8914030ff4dd56d.lock for /usr/lib/node_modules/divshot-cli
62 verbose fstream_path /usr/lib/node_modules/divshot-cli
63 verbose fstream_type Directory
64 verbose fstream_class DirWriter
65 verbose stack Error: EACCES, mkdir '/usr/lib/node_modules/divshot-cli'
65 verbose stack     at Error (native)
66 verbose fstream_stack /usr/lib/node_modules/npm/node_modules/fstream/lib/dir-writer.js:35:25
66 verbose fstream_stack /usr/lib/node_modules/npm/node_modules/mkdirp/index.js:47:53
66 verbose fstream_stack FSReqWrap.oncomplete (fs.js:95:15)
67 verbose cwd /home/charles/Projects/timer
68 error Linux 3.13.0-106-generic
69 error argv "/usr/bin/node" "/usr/bin/npm" "install" "-g" "divshot-cli"
70 error node v0.12.4
71 error npm  v2.10.1
72 error path /usr/lib/node_modules/divshot-cli
73 error code EACCES
74 error errno -13
75 error Error: EACCES, mkdir '/usr/lib/node_modules/divshot-cli'
75 error     at Error (native)
75 error  { [Error: EACCES, mkdir '/usr/lib/node_modules/divshot-cli']
75 error   errno: -13,
75 error   code: 'EACCES',
75 error   path: '/usr/lib/node_modules/divshot-cli',
75 error   fstream_type: 'Directory',
75 error   fstream_path: '/usr/lib/node_modules/divshot-cli',
75 error   fstream_class: 'DirWriter',
75 error   fstream_stack:
75 error    [ '/usr/lib/node_modules/npm/node_modules/fstream/lib/dir-writer.js:35:25',
75 error      '/usr/lib/node_modules/npm/node_modules/mkdirp/index.js:47:53',
75 error      'FSReqWrap.oncomplete (fs.js:95:15)' ] }
76 error Please try running this command again as root/Administrator.
77 verbose exit [ -13, true ]
78 verbose unbuild lib/node_modules/divshot-cli
79 silly gentlyRm /usr/lib/node_modules/divshot-cli is being purged from base /usr
80 verbose gentlyRm don't care about contents; nuking /usr/lib/node_modules/divshot-cli
